<?xml version="1.0" encoding="UTF-8"?>
<testsuite name="DiceTest" tests="1" skipped="0" failures="0" errors="0" timestamp="2020-07-27T23:59:18" hostname="admin1-ThinkCentre-M72e" time="0.004">
  <properties/>
  <testcase name="rollTest" classname="DiceTest" time="0.004"/>
  <system-out><![CDATA[]]></system-out>
  <system-err><![CDATA[]]></system-err>
</testsuite>
